<?xml version="1.0" encoding="UTF-8"?>
<!-- Generated by org.testng.reporters.JUnitReportReporter -->
<testsuite ignored="2" hostname="EQ-EQ6282248" failures="0" tests="1" name="com.MyTests.LoginTest" time="23.110" errors="1" timestamp="01 Apr 2021 12:04:22 GMT" skipped="0">
  <testcase classname="com.MyTests.LoginTest" name="doLoginTest" time="23.110">
    <error message="Cannot invoke &quot;org.openqa.selenium.WebElement.sendKeys(java.lang.CharSequence[])&quot; because the return value of &quot;com.mypages.LoginPage.getEmailid()&quot; is null" type="java.lang.NullPointerException">
      <![CDATA[java.lang.NullPointerException: Cannot invoke "org.openqa.selenium.WebElement.sendKeys(java.lang.CharSequence[])" because the return value of "com.mypages.LoginPage.getEmailid()" is null
	at com.mypages.LoginPage.doLogin(LoginPage.java:53)
	at com.MyTests.LoginTest.doLoginTest(LoginTest.java:35)
	at java.base/jdk.internal.reflect.NativeMethodAccessorImpl.invoke0(Native Method)
	at java.base/jdk.internal.reflect.NativeMethodAccessorImpl.invoke(NativeMethodAccessorImpl.java:64)
	at java.base/jdk.internal.reflect.DelegatingMethodAccessorImpl.invoke(DelegatingMethodAccessorImpl.java:43)
	at java.base/java.lang.reflect.Method.invoke(Method.java:564)
	at org.testng.internal.MethodInvocationHelper.invokeMethod(MethodInvocationHelper.java:104)
	at org.testng.internal.Invoker.invokeMethod(Invoker.java:645)
	at org.testng.internal.Invoker.invokeTestMethod(Invoker.java:851)
	at org.testng.internal.Invoker.invokeTestMethods(Invoker.java:1177)
	at org.testng.internal.TestMethodWorker.invokeTestMethods(TestMethodWorker.java:129)
	at org.testng.internal.TestMethodWorker.run(TestMethodWorker.java:112)
	at java.base/java.util.concurrent.ThreadPoolExecutor.runWorker(ThreadPoolExecutor.java:1130)
	at java.base/java.util.concurrent.ThreadPoolExecutor$Worker.run(ThreadPoolExecutor.java:630)
	at java.base/java.lang.Thread.run(Thread.java:832)
]]>
    </error>
  </testcase> <!-- doLoginTest -->
  <testcase classname="com.MyTests.LoginTest" name="verifyLoginPageHeaderTest">
    <skipped/>
  </testcase> <!-- verifyLoginPageHeaderTest -->
  <testcase classname="com.MyTests.LoginTest" name="verifyLoginPageTitleTest">
    <skipped/>
  </testcase> <!-- verifyLoginPageTitleTest -->
</testsuite> <!-- com.MyTests.LoginTest -->
