<?xml version="1.0" encoding="UTF-8"?>
<!-- Generated by org.testng.reporters.JUnitReportReporter -->
<testsuite name="com.MyTests.LoginTest" tests="1" time="25.760" ignored="2" failures="0" timestamp="02 Apr 2021 04:37:52 GMT" skipped="0" hostname="EQ-EQ6282248" errors="1">
  <testcase name="doLoginTest" time="25.760" classname="com.MyTests.LoginTest">
    <error type="java.lang.NullPointerException">
      <![CDATA[java.lang.NullPointerException
	at com.mypages.LoginPage.doLogin(LoginPage.java:53)
	at com.MyTests.LoginTest.doLoginTest(LoginTest.java:35)
	at sun.reflect.NativeMethodAccessorImpl.invoke0(Native Method)
	at sun.reflect.NativeMethodAccessorImpl.invoke(NativeMethodAccessorImpl.java:62)
	at sun.reflect.DelegatingMethodAccessorImpl.invoke(DelegatingMethodAccessorImpl.java:43)
	at java.lang.reflect.Method.invoke(Method.java:498)
	at org.testng.internal.MethodInvocationHelper.invokeMethod(MethodInvocationHelper.java:104)
	at org.testng.internal.Invoker.invokeMethod(Invoker.java:645)
	at org.testng.internal.Invoker.invokeTestMethod(Invoker.java:851)
	at org.testng.internal.Invoker.invokeTestMethods(Invoker.java:1177)
	at org.testng.internal.TestMethodWorker.invokeTestMethods(TestMethodWorker.java:129)
	at org.testng.internal.TestMethodWorker.run(TestMethodWorker.java:112)
	at java.util.concurrent.ThreadPoolExecutor.runWorker(ThreadPoolExecutor.java:1142)
	at java.util.concurrent.ThreadPoolExecutor$Worker.run(ThreadPoolExecutor.java:617)
	at java.lang.Thread.run(Thread.java:745)
]]>
    </error>
  </testcase> <!-- doLoginTest -->
  <testcase name="verifyLoginPageHeaderTest" classname="com.MyTests.LoginTest">
    <skipped/>
  </testcase> <!-- verifyLoginPageHeaderTest -->
  <testcase name="verifyLoginPageTitleTest" classname="com.MyTests.LoginTest">
    <skipped/>
  </testcase> <!-- verifyLoginPageTitleTest -->
</testsuite> <!-- com.MyTests.LoginTest -->
